Watching for file changes with StatReloader
[01/Feb/2025 12:40:04] "GET /todos/ HTTP/1.1" 200 2923
[01/Feb/2025 12:40:10] "POST /todos/add/ HTTP/1.1" 302 0
[01/Feb/2025 12:40:11] "GET /todos/ HTTP/1.1" 200 3496
[01/Feb/2025 12:40:32] "GET /todos/ HTTP/1.1" 200 3496
[01/Feb/2025 12:41:09] "GET / HTTP/1.1" 302 0
[01/Feb/2025 12:41:09] "GET /todos HTTP/1.1" 301 0
[01/Feb/2025 12:41:10] "GET /todos/ HTTP/1.1" 200 3496
[01/Feb/2025 12:41:10] "GET /static/css/style.css HTTP/1.1" 200 225
Not Found: /favicon.ico
[01/Feb/2025 12:41:11] "GET /favicon.ico HTTP/1.1" 404 2844
[01/Feb/2025 12:41:17] "POST /todos/3/update HTTP/1.1" 302 0
[01/Feb/2025 12:41:17] "GET /todos/ HTTP/1.1" 200 3533
[01/Feb/2025 12:41:17] "POST /todos/3/update HTTP/1.1" 302 0
[01/Feb/2025 12:41:18] "GET /todos/3/delete HTTP/1.1" 302 0
[01/Feb/2025 12:41:19] "GET /todos/ HTTP/1.1" 200 2901
Not Found: /todos/3/delete
[01/Feb/2025 12:41:19] "GET /todos/3/delete HTTP/1.1" 404 2772
Not Found: /todos/3/delete
[01/Feb/2025 12:41:23] "GET /todos/3/delete HTTP/1.1" 404 2772
[01/Feb/2025 12:41:27] "GET /todos/ HTTP/1.1" 200 2901
[01/Feb/2025 12:41:28] "GET /todos/ HTTP/1.1" 200 2901
[01/Feb/2025 12:41:34] "POST /todos/add/ HTTP/1.1" 302 0
[01/Feb/2025 12:41:34] "GET /todos/ HTTP/1.1" 200 3477
[01/Feb/2025 12:41:36] "GET /todos/4/delete HTTP/1.1" 302 0
[01/Feb/2025 12:41:37] "GET /todos/ HTTP/1.1" 200 2904
[01/Feb/2025 12:41:40] "GET /todos/ HTTP/1.1" 200 2904
